[2025-02-17T22:06:28.880+0000] {local_task_job_runner.py:123} INFO - ::group::Pre task execution logs
[2025-02-17T22:06:28.960+0000] {taskinstance.py:2614} INFO - Dependencies all met for dep_context=non-requeueable deps ti=<TaskInstance: fetch_and_store_spotify_audiobooks.create_table manual__2025-02-17T22:06:26.234646+00:00 [queued]>
[2025-02-17T22:06:28.963+0000] {taskinstance.py:2614} INFO - Dependencies all met for dep_context=requeueable deps ti=<TaskInstance: fetch_and_store_spotify_audiobooks.create_table manual__2025-02-17T22:06:26.234646+00:00 [queued]>
[2025-02-17T22:06:28.964+0000] {taskinstance.py:2867} INFO - Starting attempt 1 of 2
[2025-02-17T22:06:28.968+0000] {taskinstance.py:2890} INFO - Executing <Task(PostgresOperator): create_table> on 2025-02-17 22:06:26.234646+00:00
[2025-02-17T22:06:28.971+0000] {warnings.py:112} WARNING - /home/***/.local/lib/python3.12/site-packages/***/task/task_runner/standard_task_runner.py:70: DeprecationWarning: This process (pid=339) is multi-threaded, use of fork() may lead to deadlocks in the child.
  pid = os.fork()

[2025-02-17T22:06:28.972+0000] {standard_task_runner.py:72} INFO - Started process 340 to run task
[2025-02-17T22:06:28.973+0000] {standard_task_runner.py:104} INFO - Running: ['***', 'tasks', 'run', 'fetch_and_store_spotify_audiobooks', 'create_table', 'manual__2025-02-17T22:06:26.234646+00:00', '--job-id', '181', '--raw', '--subdir', 'DAGS_FOLDER/ExtractFromApi.py', '--cfg-path', '/tmp/tmp4tzs7yli']
[2025-02-17T22:06:28.974+0000] {standard_task_runner.py:105} INFO - Job 181: Subtask create_table
[2025-02-17T22:06:28.991+0000] {task_command.py:467} INFO - Running <TaskInstance: fetch_and_store_spotify_audiobooks.create_table manual__2025-02-17T22:06:26.234646+00:00 [running]> on host 1d25279fc7fb
[2025-02-17T22:06:29.018+0000] {taskinstance.py:3134} INFO - Exporting env vars: AIRFLOW_CTX_DAG_OWNER='***' AIRFLOW_CTX_DAG_ID='fetch_and_store_spotify_audiobooks' AIRFLOW_CTX_TASK_ID='create_table' AIRFLOW_CTX_EXECUTION_DATE='2025-02-17T22:06:26.234646+00:00' AIRFLOW_CTX_TRY_NUMBER='1' AIRFLOW_CTX_DAG_RUN_ID='manual__2025-02-17T22:06:26.234646+00:00'
[2025-02-17T22:06:29.018+0000] {logging_mixin.py:190} INFO - Task instance is in running state
[2025-02-17T22:06:29.019+0000] {logging_mixin.py:190} INFO -  Previous state of the Task instance: queued
[2025-02-17T22:06:29.019+0000] {logging_mixin.py:190} INFO - Current task name:create_table state:running start_date:2025-02-17 22:06:28.960745+00:00
[2025-02-17T22:06:29.019+0000] {logging_mixin.py:190} INFO - Dag name:fetch_and_store_spotify_audiobooks and current dag run status:running
[2025-02-17T22:06:29.019+0000] {taskinstance.py:732} INFO - ::endgroup::
[2025-02-17T22:06:29.020+0000] {sql.py:295} INFO - Executing: 
    CREATE TABLE IF NOT EXISTS audiobooks (
    id TEXT PRIMARY KEY, 
    description TEXT, 
    chapter_number INTEGER, 
    duration_ms INTEGER, 
    images JSONB, 
    release_date DATE, 
    release_date_precision VARCHAR(10), 
    available_markets TEXT[]
);
    
[2025-02-17T22:06:29.022+0000] {base.py:84} INFO - Retrieving connection 'audibooks_connection'
[2025-02-17T22:06:29.025+0000] {base.py:84} INFO - Retrieving connection 'audibooks_connection'
[2025-02-17T22:06:29.025+0000] {sql.py:186} WARNING - This setter is for backward compatibility and should not be used.
Since the introduction of connection property, the providers listed below breaks due to assigning value to self.connection in their __init__ method.
* apache-***-providers-mysql<5.7.1
* apache-***-providers-elasticsearch<5.5.1
* apache-***-providers-postgres<5.13.0
[2025-02-17T22:06:29.026+0000] {sql.py:511} INFO - Running statement: 
    CREATE TABLE IF NOT EXISTS audiobooks (
    id TEXT PRIMARY KEY, 
    description TEXT, 
    chapter_number INTEGER, 
    duration_ms INTEGER, 
    images JSONB, 
    release_date DATE, 
    release_date_precision VARCHAR(10), 
    available_markets TEXT[]
);
    , parameters: None
[2025-02-17T22:06:29.027+0000] {warnings.py:112} WARNING - /home/***/.local/lib/python3.12/site-packages/***/providers/common/sql/hooks/sql.py:470: DeprecationWarning: Import of fetch_all_handler from the '***.providers.common.sql.hooks' module is deprecated and will
be removed in the future. Please import it from '***.providers.common.sql.hooks.handlers'.
  result = self._make_common_data_structure(handler(cur))

[2025-02-17T22:06:29.027+0000] {warnings.py:112} WARNING - /home/***/.local/lib/python3.12/site-packages/***/providers/common/sql/hooks/sql.py:471: DeprecationWarning: Import of return_single_query_results from the '***.providers.common.sql.hooks' module is deprecated and will
be removed in the future. Please import it from '***.providers.common.sql.hooks.handlers'.
  if return_single_query_results(sql, return_last, split_statements):

[2025-02-17T22:06:29.028+0000] {warnings.py:112} WARNING - /home/***/.local/lib/python3.12/site-packages/***/providers/common/sql/hooks/sql.py:486: DeprecationWarning: Import of return_single_query_results from the '***.providers.common.sql.hooks' module is deprecated and will
be removed in the future. Please import it from '***.providers.common.sql.hooks.handlers'.
  if return_single_query_results(sql, return_last, split_statements):

[2025-02-17T22:06:29.028+0000] {warnings.py:112} WARNING - /home/***/.local/lib/python3.12/site-packages/***/providers/common/sql/operators/sql.py:311: DeprecationWarning: Import of return_single_query_results from the '***.providers.common.sql.hooks' module is deprecated and will
be removed in the future. Please import it from '***.providers.common.sql.hooks.handlers'.
  if return_single_query_results(self.sql, self.return_last, self.split_statements):

[2025-02-17T22:06:29.031+0000] {taskinstance.py:341} INFO - ::group::Post task execution logs
[2025-02-17T22:06:29.032+0000] {taskinstance.py:353} INFO - Marking task as SUCCESS. dag_id=fetch_and_store_spotify_audiobooks, task_id=create_table, run_id=manual__2025-02-17T22:06:26.234646+00:00, execution_date=20250217T220626, start_date=20250217T220628, end_date=20250217T220629
[2025-02-17T22:06:29.039+0000] {logging_mixin.py:190} INFO - Task instance in success state
[2025-02-17T22:06:29.039+0000] {logging_mixin.py:190} INFO -  Previous state of the Task instance: running
[2025-02-17T22:06:29.039+0000] {logging_mixin.py:190} INFO - Dag name:fetch_and_store_spotify_audiobooks queued_at:2025-02-17 22:06:26.250406+00:00
[2025-02-17T22:06:29.039+0000] {logging_mixin.py:190} INFO - Task hostname:1d25279fc7fb operator:PostgresOperator
[2025-02-17T22:06:29.077+0000] {local_task_job_runner.py:266} INFO - Task exited with return code 0
[2025-02-17T22:06:29.085+0000] {taskinstance.py:3901} INFO - 1 downstream tasks scheduled from follow-on schedule check
[2025-02-17T22:06:29.086+0000] {local_task_job_runner.py:245} INFO - ::endgroup::
