[2025-02-17T22:11:18.781+0000] {local_task_job_runner.py:123} INFO - ::group::Pre task execution logs
[2025-02-17T22:11:18.861+0000] {taskinstance.py:2614} INFO - Dependencies all met for dep_context=non-requeueable deps ti=<TaskInstance: fetch_and_store_spotify_audiobooks.insert_book_data manual__2025-02-17T22:11:14.855749+00:00 [queued]>
[2025-02-17T22:11:18.864+0000] {taskinstance.py:2614} INFO - Dependencies all met for dep_context=requeueable deps ti=<TaskInstance: fetch_and_store_spotify_audiobooks.insert_book_data manual__2025-02-17T22:11:14.855749+00:00 [queued]>
[2025-02-17T22:11:18.865+0000] {taskinstance.py:2867} INFO - Starting attempt 1 of 2
[2025-02-17T22:11:18.869+0000] {taskinstance.py:2890} INFO - Executing <Task(PythonOperator): insert_book_data> on 2025-02-17 22:11:14.855749+00:00
[2025-02-17T22:11:18.872+0000] {warnings.py:112} WARNING - /home/***/.local/lib/python3.12/site-packages/***/task/task_runner/standard_task_runner.py:70: DeprecationWarning: This process (pid=415) is multi-threaded, use of fork() may lead to deadlocks in the child.
  pid = os.fork()

[2025-02-17T22:11:18.873+0000] {standard_task_runner.py:72} INFO - Started process 416 to run task
[2025-02-17T22:11:18.873+0000] {standard_task_runner.py:104} INFO - Running: ['***', 'tasks', 'run', 'fetch_and_store_spotify_audiobooks', 'insert_book_data', 'manual__2025-02-17T22:11:14.855749+00:00', '--job-id', '185', '--raw', '--subdir', 'DAGS_FOLDER/ExtractFromApi.py', '--cfg-path', '/tmp/tmplp1683jk']
[2025-02-17T22:11:18.874+0000] {standard_task_runner.py:105} INFO - Job 185: Subtask insert_book_data
[2025-02-17T22:11:18.891+0000] {task_command.py:467} INFO - Running <TaskInstance: fetch_and_store_spotify_audiobooks.insert_book_data manual__2025-02-17T22:11:14.855749+00:00 [running]> on host 1d25279fc7fb
[2025-02-17T22:11:18.915+0000] {taskinstance.py:3134} INFO - Exporting env vars: AIRFLOW_CTX_DAG_OWNER='***' AIRFLOW_CTX_DAG_ID='fetch_and_store_spotify_audiobooks' AIRFLOW_CTX_TASK_ID='insert_book_data' AIRFLOW_CTX_EXECUTION_DATE='2025-02-17T22:11:14.855749+00:00' AIRFLOW_CTX_TRY_NUMBER='1' AIRFLOW_CTX_DAG_RUN_ID='manual__2025-02-17T22:11:14.855749+00:00'
[2025-02-17T22:11:18.916+0000] {logging_mixin.py:190} INFO - Task instance is in running state
[2025-02-17T22:11:18.917+0000] {logging_mixin.py:190} INFO -  Previous state of the Task instance: queued
[2025-02-17T22:11:18.917+0000] {logging_mixin.py:190} INFO - Current task name:insert_book_data state:running start_date:2025-02-17 22:11:18.861653+00:00
[2025-02-17T22:11:18.917+0000] {logging_mixin.py:190} INFO - Dag name:fetch_and_store_spotify_audiobooks and current dag run status:running
[2025-02-17T22:11:18.917+0000] {taskinstance.py:732} INFO - ::endgroup::
[2025-02-17T22:11:18.923+0000] {base.py:84} INFO - Retrieving connection 'audibooks_connection'
[2025-02-17T22:11:18.924+0000] {sql.py:186} WARNING - This setter is for backward compatibility and should not be used.
Since the introduction of connection property, the providers listed below breaks due to assigning value to self.connection in their __init__ method.
* apache-***-providers-mysql<5.7.1
* apache-***-providers-elasticsearch<5.5.1
* apache-***-providers-postgres<5.13.0
[2025-02-17T22:11:18.925+0000] {sql.py:511} INFO - Running statement: 
    INSERT INTO audiobooks (id, description, chapter_number, duration_ms, images, release_date, release_date_precision, available_markets)
    VALUES (%s, %s, %s, %s, %s, %s, %s, %s)
    , parameters: ('73ThiUvDp7VbVX6tWTNjE4', '', 0, 60056, '[{"height": 640, "width": 640, "url": "https://i.scdn.co/image/ab676663000022a8706d7d39148810e742cef314"}, {"height": 300, "width": 300, "url": "https://i.scdn.co/image/ab6766630000db5b706d7d39148810e742cef314"}, {"height": 64, "width": 64, "url": "https://i.scdn.co/image/ab6766630000703b706d7d39148810e742cef314"}]', '2007-05-29', 'day', ['AT', 'AU', 'CA', 'CH', 'DE', 'GB', 'IE', 'NZ', 'PR', 'US'])
[2025-02-17T22:11:18.926+0000] {sql.py:520} INFO - Rows affected: 1
[2025-02-17T22:11:18.927+0000] {sql.py:511} INFO - Running statement: 
    INSERT INTO audiobooks (id, description, chapter_number, duration_ms, images, release_date, release_date_precision, available_markets)
    VALUES (%s, %s, %s, %s, %s, %s, %s, %s)
    , parameters: ('7zdR7zJCuEzLEJkSWYlEWj', '', 1, 1737274, '[{"height": 640, "width": 640, "url": "https://i.scdn.co/image/ab676663000022a8706d7d39148810e742cef314"}, {"height": 300, "width": 300, "url": "https://i.scdn.co/image/ab6766630000db5b706d7d39148810e742cef314"}, {"height": 64, "width": 64, "url": "https://i.scdn.co/image/ab6766630000703b706d7d39148810e742cef314"}]', '2007-05-29', 'day', ['AT', 'AU', 'CA', 'CH', 'DE', 'GB', 'IE', 'NZ', 'PR', 'US'])
[2025-02-17T22:11:18.927+0000] {sql.py:520} INFO - Rows affected: 1
[2025-02-17T22:11:18.929+0000] {sql.py:511} INFO - Running statement: 
    INSERT INTO audiobooks (id, description, chapter_number, duration_ms, images, release_date, release_date_precision, available_markets)
    VALUES (%s, %s, %s, %s, %s, %s, %s, %s)
    , parameters: ('6wbkoWAKtlVHC0pk46ORyd', '', 2, 1257875, '[{"height": 640, "width": 640, "url": "https://i.scdn.co/image/ab676663000022a8706d7d39148810e742cef314"}, {"height": 300, "width": 300, "url": "https://i.scdn.co/image/ab6766630000db5b706d7d39148810e742cef314"}, {"height": 64, "width": 64, "url": "https://i.scdn.co/image/ab6766630000703b706d7d39148810e742cef314"}]', '2007-05-29', 'day', ['AT', 'AU', 'CA', 'CH', 'DE', 'GB', 'IE', 'NZ', 'PR', 'US'])
[2025-02-17T22:11:18.929+0000] {sql.py:520} INFO - Rows affected: 1
[2025-02-17T22:11:18.930+0000] {sql.py:511} INFO - Running statement: 
    INSERT INTO audiobooks (id, description, chapter_number, duration_ms, images, release_date, release_date_precision, available_markets)
    VALUES (%s, %s, %s, %s, %s, %s, %s, %s)
    , parameters: ('6JVmsEPc2uOX551TCWVHUQ', '', 3, 998244, '[{"height": 640, "width": 640, "url": "https://i.scdn.co/image/ab676663000022a8706d7d39148810e742cef314"}, {"height": 300, "width": 300, "url": "https://i.scdn.co/image/ab6766630000db5b706d7d39148810e742cef314"}, {"height": 64, "width": 64, "url": "https://i.scdn.co/image/ab6766630000703b706d7d39148810e742cef314"}]', '2007-05-29', 'day', ['AT', 'AU', 'CA', 'CH', 'DE', 'GB', 'IE', 'NZ', 'PR', 'US'])
[2025-02-17T22:11:18.931+0000] {sql.py:520} INFO - Rows affected: 1
[2025-02-17T22:11:18.932+0000] {sql.py:511} INFO - Running statement: 
    INSERT INTO audiobooks (id, description, chapter_number, duration_ms, images, release_date, release_date_precision, available_markets)
    VALUES (%s, %s, %s, %s, %s, %s, %s, %s)
    , parameters: ('3Tfs2OyT4dBurDFBmxpA3Z', '', 4, 1387808, '[{"height": 640, "width": 640, "url": "https://i.scdn.co/image/ab676663000022a8706d7d39148810e742cef314"}, {"height": 300, "width": 300, "url": "https://i.scdn.co/image/ab6766630000db5b706d7d39148810e742cef314"}, {"height": 64, "width": 64, "url": "https://i.scdn.co/image/ab6766630000703b706d7d39148810e742cef314"}]', '2007-05-29', 'day', ['AT', 'AU', 'CA', 'CH', 'DE', 'GB', 'IE', 'NZ', 'PR', 'US'])
[2025-02-17T22:11:18.933+0000] {sql.py:520} INFO - Rows affected: 1
[2025-02-17T22:11:18.934+0000] {sql.py:511} INFO - Running statement: 
    INSERT INTO audiobooks (id, description, chapter_number, duration_ms, images, release_date, release_date_precision, available_markets)
    VALUES (%s, %s, %s, %s, %s, %s, %s, %s)
    , parameters: ('0oduVqcMbgrXrhlhmtRaUl', '', 5, 606459, '[{"height": 640, "width": 640, "url": "https://i.scdn.co/image/ab676663000022a8706d7d39148810e742cef314"}, {"height": 300, "width": 300, "url": "https://i.scdn.co/image/ab6766630000db5b706d7d39148810e742cef314"}, {"height": 64, "width": 64, "url": "https://i.scdn.co/image/ab6766630000703b706d7d39148810e742cef314"}]', '2007-05-29', 'day', ['AT', 'AU', 'CA', 'CH', 'DE', 'GB', 'IE', 'NZ', 'PR', 'US'])
[2025-02-17T22:11:18.934+0000] {sql.py:520} INFO - Rows affected: 1
[2025-02-17T22:11:18.935+0000] {sql.py:511} INFO - Running statement: 
    INSERT INTO audiobooks (id, description, chapter_number, duration_ms, images, release_date, release_date_precision, available_markets)
    VALUES (%s, %s, %s, %s, %s, %s, %s, %s)
    , parameters: ('2SUk86PXGjOptTcmuwQuzA', '', 6, 940696, '[{"height": 640, "width": 640, "url": "https://i.scdn.co/image/ab676663000022a8706d7d39148810e742cef314"}, {"height": 300, "width": 300, "url": "https://i.scdn.co/image/ab6766630000db5b706d7d39148810e742cef314"}, {"height": 64, "width": 64, "url": "https://i.scdn.co/image/ab6766630000703b706d7d39148810e742cef314"}]', '2007-05-29', 'day', ['AT', 'AU', 'CA', 'CH', 'DE', 'GB', 'IE', 'NZ', 'PR', 'US'])
[2025-02-17T22:11:18.936+0000] {sql.py:520} INFO - Rows affected: 1
[2025-02-17T22:11:18.937+0000] {sql.py:511} INFO - Running statement: 
    INSERT INTO audiobooks (id, description, chapter_number, duration_ms, images, release_date, release_date_precision, available_markets)
    VALUES (%s, %s, %s, %s, %s, %s, %s, %s)
    , parameters: ('0aV28m0uV3KTKxxjtbfics', '', 7, 1620245, '[{"height": 640, "width": 640, "url": "https://i.scdn.co/image/ab676663000022a8706d7d39148810e742cef314"}, {"height": 300, "width": 300, "url": "https://i.scdn.co/image/ab6766630000db5b706d7d39148810e742cef314"}, {"height": 64, "width": 64, "url": "https://i.scdn.co/image/ab6766630000703b706d7d39148810e742cef314"}]', '2007-05-29', 'day', ['AT', 'AU', 'CA', 'CH', 'DE', 'GB', 'IE', 'NZ', 'PR', 'US'])
[2025-02-17T22:11:18.937+0000] {sql.py:520} INFO - Rows affected: 1
[2025-02-17T22:11:18.938+0000] {sql.py:511} INFO - Running statement: 
    INSERT INTO audiobooks (id, description, chapter_number, duration_ms, images, release_date, release_date_precision, available_markets)
    VALUES (%s, %s, %s, %s, %s, %s, %s, %s)
    , parameters: ('32ajSFsIg0j1x7nfcIbORW', '', 8, 1309388, '[{"height": 640, "width": 640, "url": "https://i.scdn.co/image/ab676663000022a8706d7d39148810e742cef314"}, {"height": 300, "width": 300, "url": "https://i.scdn.co/image/ab6766630000db5b706d7d39148810e742cef314"}, {"height": 64, "width": 64, "url": "https://i.scdn.co/image/ab6766630000703b706d7d39148810e742cef314"}]', '2007-05-29', 'day', ['AT', 'AU', 'CA', 'CH', 'DE', 'GB', 'IE', 'NZ', 'PR', 'US'])
[2025-02-17T22:11:18.939+0000] {sql.py:520} INFO - Rows affected: 1
[2025-02-17T22:11:18.940+0000] {sql.py:511} INFO - Running statement: 
    INSERT INTO audiobooks (id, description, chapter_number, duration_ms, images, release_date, release_date_precision, available_markets)
    VALUES (%s, %s, %s, %s, %s, %s, %s, %s)
    , parameters: ('5rfIxa6UYIkSFlP2mL2ovu', '', 9, 581983, '[{"height": 640, "width": 640, "url": "https://i.scdn.co/image/ab676663000022a8706d7d39148810e742cef314"}, {"height": 300, "width": 300, "url": "https://i.scdn.co/image/ab6766630000db5b706d7d39148810e742cef314"}, {"height": 64, "width": 64, "url": "https://i.scdn.co/image/ab6766630000703b706d7d39148810e742cef314"}]', '2007-05-29', 'day', ['AT', 'AU', 'CA', 'CH', 'DE', 'GB', 'IE', 'NZ', 'PR', 'US'])
[2025-02-17T22:11:18.940+0000] {sql.py:520} INFO - Rows affected: 1
[2025-02-17T22:11:18.942+0000] {sql.py:511} INFO - Running statement: 
    INSERT INTO audiobooks (id, description, chapter_number, duration_ms, images, release_date, release_date_precision, available_markets)
    VALUES (%s, %s, %s, %s, %s, %s, %s, %s)
    , parameters: ('477FnG3smKF8cZTn4T3rnN', '', 10, 1236742, '[{"height": 640, "width": 640, "url": "https://i.scdn.co/image/ab676663000022a8706d7d39148810e742cef314"}, {"height": 300, "width": 300, "url": "https://i.scdn.co/image/ab6766630000db5b706d7d39148810e742cef314"}, {"height": 64, "width": 64, "url": "https://i.scdn.co/image/ab6766630000703b706d7d39148810e742cef314"}]', '2007-05-29', 'day', ['AT', 'AU', 'CA', 'CH', 'DE', 'GB', 'IE', 'NZ', 'PR', 'US'])
[2025-02-17T22:11:18.942+0000] {sql.py:520} INFO - Rows affected: 1
[2025-02-17T22:11:18.943+0000] {sql.py:511} INFO - Running statement: 
    INSERT INTO audiobooks (id, description, chapter_number, duration_ms, images, release_date, release_date_precision, available_markets)
    VALUES (%s, %s, %s, %s, %s, %s, %s, %s)
    , parameters: ('5TRMZm6VkIiXR384u5ZQr3', '', 11, 768392, '[{"height": 640, "width": 640, "url": "https://i.scdn.co/image/ab676663000022a8706d7d39148810e742cef314"}, {"height": 300, "width": 300, "url": "https://i.scdn.co/image/ab6766630000db5b706d7d39148810e742cef314"}, {"height": 64, "width": 64, "url": "https://i.scdn.co/image/ab6766630000703b706d7d39148810e742cef314"}]', '2007-05-29', 'day', ['AT', 'AU', 'CA', 'CH', 'DE', 'GB', 'IE', 'NZ', 'PR', 'US'])
[2025-02-17T22:11:18.944+0000] {sql.py:520} INFO - Rows affected: 1
[2025-02-17T22:11:18.945+0000] {sql.py:511} INFO - Running statement: 
    INSERT INTO audiobooks (id, description, chapter_number, duration_ms, images, release_date, release_date_precision, available_markets)
    VALUES (%s, %s, %s, %s, %s, %s, %s, %s)
    , parameters: ('1F1x57cJyvLxnbzGOqdeur', '', 12, 2322965, '[{"height": 640, "width": 640, "url": "https://i.scdn.co/image/ab676663000022a8706d7d39148810e742cef314"}, {"height": 300, "width": 300, "url": "https://i.scdn.co/image/ab6766630000db5b706d7d39148810e742cef314"}, {"height": 64, "width": 64, "url": "https://i.scdn.co/image/ab6766630000703b706d7d39148810e742cef314"}]', '2007-05-29', 'day', ['AT', 'AU', 'CA', 'CH', 'DE', 'GB', 'IE', 'NZ', 'PR', 'US'])
[2025-02-17T22:11:18.945+0000] {sql.py:520} INFO - Rows affected: 1
[2025-02-17T22:11:18.946+0000] {sql.py:511} INFO - Running statement: 
    INSERT INTO audiobooks (id, description, chapter_number, duration_ms, images, release_date, release_date_precision, available_markets)
    VALUES (%s, %s, %s, %s, %s, %s, %s, %s)
    , parameters: ('4ETF6jtwY0Xpf8JilpLsRa', '', 13, 744516, '[{"height": 640, "width": 640, "url": "https://i.scdn.co/image/ab676663000022a8706d7d39148810e742cef314"}, {"height": 300, "width": 300, "url": "https://i.scdn.co/image/ab6766630000db5b706d7d39148810e742cef314"}, {"height": 64, "width": 64, "url": "https://i.scdn.co/image/ab6766630000703b706d7d39148810e742cef314"}]', '2007-05-29', 'day', ['AT', 'AU', 'CA', 'CH', 'DE', 'GB', 'IE', 'NZ', 'PR', 'US'])
[2025-02-17T22:11:18.947+0000] {sql.py:520} INFO - Rows affected: 1
[2025-02-17T22:11:18.948+0000] {sql.py:511} INFO - Running statement: 
    INSERT INTO audiobooks (id, description, chapter_number, duration_ms, images, release_date, release_date_precision, available_markets)
    VALUES (%s, %s, %s, %s, %s, %s, %s, %s)
    , parameters: ('3Dfui4lmf6bi6YAen3EABM', '', 14, 498182, '[{"height": 640, "width": 640, "url": "https://i.scdn.co/image/ab676663000022a8706d7d39148810e742cef314"}, {"height": 300, "width": 300, "url": "https://i.scdn.co/image/ab6766630000db5b706d7d39148810e742cef314"}, {"height": 64, "width": 64, "url": "https://i.scdn.co/image/ab6766630000703b706d7d39148810e742cef314"}]', '2007-05-29', 'day', ['AT', 'AU', 'CA', 'CH', 'DE', 'GB', 'IE', 'NZ', 'PR', 'US'])
[2025-02-17T22:11:18.948+0000] {sql.py:520} INFO - Rows affected: 1
[2025-02-17T22:11:18.949+0000] {sql.py:511} INFO - Running statement: 
    INSERT INTO audiobooks (id, description, chapter_number, duration_ms, images, release_date, release_date_precision, available_markets)
    VALUES (%s, %s, %s, %s, %s, %s, %s, %s)
    , parameters: ('6IPghpa2z4FeNwcVlqbcWC', '', 15, 3164396, '[{"height": 640, "width": 640, "url": "https://i.scdn.co/image/ab676663000022a8706d7d39148810e742cef314"}, {"height": 300, "width": 300, "url": "https://i.scdn.co/image/ab6766630000db5b706d7d39148810e742cef314"}, {"height": 64, "width": 64, "url": "https://i.scdn.co/image/ab6766630000703b706d7d39148810e742cef314"}]', '2007-05-29', 'day', ['AT', 'AU', 'CA', 'CH', 'DE', 'GB', 'IE', 'NZ', 'PR', 'US'])
[2025-02-17T22:11:18.950+0000] {sql.py:520} INFO - Rows affected: 1
[2025-02-17T22:11:18.951+0000] {sql.py:511} INFO - Running statement: 
    INSERT INTO audiobooks (id, description, chapter_number, duration_ms, images, release_date, release_date_precision, available_markets)
    VALUES (%s, %s, %s, %s, %s, %s, %s, %s)
    , parameters: ('33fos0bqN1TLYreVtVd32r', '', 16, 3244879, '[{"height": 640, "width": 640, "url": "https://i.scdn.co/image/ab676663000022a8706d7d39148810e742cef314"}, {"height": 300, "width": 300, "url": "https://i.scdn.co/image/ab6766630000db5b706d7d39148810e742cef314"}, {"height": 64, "width": 64, "url": "https://i.scdn.co/image/ab6766630000703b706d7d39148810e742cef314"}]', '2007-05-29', 'day', ['AT', 'AU', 'CA', 'CH', 'DE', 'GB', 'IE', 'NZ', 'PR', 'US'])
[2025-02-17T22:11:18.951+0000] {sql.py:520} INFO - Rows affected: 1
[2025-02-17T22:11:18.953+0000] {sql.py:511} INFO - Running statement: 
    INSERT INTO audiobooks (id, description, chapter_number, duration_ms, images, release_date, release_date_precision, available_markets)
    VALUES (%s, %s, %s, %s, %s, %s, %s, %s)
    , parameters: ('29fjoyMwqwmKJtc6yNZuEJ', '', 17, 1851560, '[{"height": 640, "width": 640, "url": "https://i.scdn.co/image/ab676663000022a8706d7d39148810e742cef314"}, {"height": 300, "width": 300, "url": "https://i.scdn.co/image/ab6766630000db5b706d7d39148810e742cef314"}, {"height": 64, "width": 64, "url": "https://i.scdn.co/image/ab6766630000703b706d7d39148810e742cef314"}]', '2007-05-29', 'day', ['AT', 'AU', 'CA', 'CH', 'DE', 'GB', 'IE', 'NZ', 'PR', 'US'])
[2025-02-17T22:11:18.953+0000] {sql.py:520} INFO - Rows affected: 1
[2025-02-17T22:11:18.954+0000] {sql.py:511} INFO - Running statement: 
    INSERT INTO audiobooks (id, description, chapter_number, duration_ms, images, release_date, release_date_precision, available_markets)
    VALUES (%s, %s, %s, %s, %s, %s, %s, %s)
    , parameters: ('4Mj1tl85Ue9MK0pgfgHarR', '', 18, 759981, '[{"height": 640, "width": 640, "url": "https://i.scdn.co/image/ab676663000022a8706d7d39148810e742cef314"}, {"height": 300, "width": 300, "url": "https://i.scdn.co/image/ab6766630000db5b706d7d39148810e742cef314"}, {"height": 64, "width": 64, "url": "https://i.scdn.co/image/ab6766630000703b706d7d39148810e742cef314"}]', '2007-05-29', 'day', ['AT', 'AU', 'CA', 'CH', 'DE', 'GB', 'IE', 'NZ', 'PR', 'US'])
[2025-02-17T22:11:18.954+0000] {sql.py:520} INFO - Rows affected: 1
[2025-02-17T22:11:18.955+0000] {sql.py:511} INFO - Running statement: 
    INSERT INTO audiobooks (id, description, chapter_number, duration_ms, images, release_date, release_date_precision, available_markets)
    VALUES (%s, %s, %s, %s, %s, %s, %s, %s)
    , parameters: ('3yADXAbeustrCocpeHxUCp', '', 19, 1547442, '[{"height": 640, "width": 640, "url": "https://i.scdn.co/image/ab676663000022a8706d7d39148810e742cef314"}, {"height": 300, "width": 300, "url": "https://i.scdn.co/image/ab6766630000db5b706d7d39148810e742cef314"}, {"height": 64, "width": 64, "url": "https://i.scdn.co/image/ab6766630000703b706d7d39148810e742cef314"}]', '2007-05-29', 'day', ['AT', 'AU', 'CA', 'CH', 'DE', 'GB', 'IE', 'NZ', 'PR', 'US'])
[2025-02-17T22:11:18.956+0000] {sql.py:520} INFO - Rows affected: 1
[2025-02-17T22:11:18.957+0000] {sql.py:511} INFO - Running statement: 
    INSERT INTO audiobooks (id, description, chapter_number, duration_ms, images, release_date, release_date_precision, available_markets)
    VALUES (%s, %s, %s, %s, %s, %s, %s, %s)
    , parameters: ('2DngPhNwMz9LejeFNFk571', '', 20, 398864, '[{"height": 640, "width": 640, "url": "https://i.scdn.co/image/ab676663000022a8706d7d39148810e742cef314"}, {"height": 300, "width": 300, "url": "https://i.scdn.co/image/ab6766630000db5b706d7d39148810e742cef314"}, {"height": 64, "width": 64, "url": "https://i.scdn.co/image/ab6766630000703b706d7d39148810e742cef314"}]', '2007-05-29', 'day', ['AT', 'AU', 'CA', 'CH', 'DE', 'GB', 'IE', 'NZ', 'PR', 'US'])
[2025-02-17T22:11:18.957+0000] {sql.py:520} INFO - Rows affected: 1
[2025-02-17T22:11:18.958+0000] {sql.py:511} INFO - Running statement: 
    INSERT INTO audiobooks (id, description, chapter_number, duration_ms, images, release_date, release_date_precision, available_markets)
    VALUES (%s, %s, %s, %s, %s, %s, %s, %s)
    , parameters: ('24sEDN4P9plH5XC0cGhu3z', '', 21, 2013885, '[{"height": 640, "width": 640, "url": "https://i.scdn.co/image/ab676663000022a8706d7d39148810e742cef314"}, {"height": 300, "width": 300, "url": "https://i.scdn.co/image/ab6766630000db5b706d7d39148810e742cef314"}, {"height": 64, "width": 64, "url": "https://i.scdn.co/image/ab6766630000703b706d7d39148810e742cef314"}]', '2007-05-29', 'day', ['AT', 'AU', 'CA', 'CH', 'DE', 'GB', 'IE', 'NZ', 'PR', 'US'])
[2025-02-17T22:11:18.959+0000] {sql.py:520} INFO - Rows affected: 1
[2025-02-17T22:11:18.960+0000] {sql.py:511} INFO - Running statement: 
    INSERT INTO audiobooks (id, description, chapter_number, duration_ms, images, release_date, release_date_precision, available_markets)
    VALUES (%s, %s, %s, %s, %s, %s, %s, %s)
    , parameters: ('2lctt39yGO8PVWOlm6MJZN', '', 22, 2204605, '[{"height": 640, "width": 640, "url": "https://i.scdn.co/image/ab676663000022a8706d7d39148810e742cef314"}, {"height": 300, "width": 300, "url": "https://i.scdn.co/image/ab6766630000db5b706d7d39148810e742cef314"}, {"height": 64, "width": 64, "url": "https://i.scdn.co/image/ab6766630000703b706d7d39148810e742cef314"}]', '2007-05-29', 'day', ['AT', 'AU', 'CA', 'CH', 'DE', 'GB', 'IE', 'NZ', 'PR', 'US'])
[2025-02-17T22:11:18.960+0000] {sql.py:520} INFO - Rows affected: 1
[2025-02-17T22:11:18.961+0000] {sql.py:511} INFO - Running statement: 
    INSERT INTO audiobooks (id, description, chapter_number, duration_ms, images, release_date, release_date_precision, available_markets)
    VALUES (%s, %s, %s, %s, %s, %s, %s, %s)
    , parameters: ('7MKcghyeGn4ZdvopzubNN3', '', 23, 715756, '[{"height": 640, "width": 640, "url": "https://i.scdn.co/image/ab676663000022a8706d7d39148810e742cef314"}, {"height": 300, "width": 300, "url": "https://i.scdn.co/image/ab6766630000db5b706d7d39148810e742cef314"}, {"height": 64, "width": 64, "url": "https://i.scdn.co/image/ab6766630000703b706d7d39148810e742cef314"}]', '2007-05-29', 'day', ['AT', 'AU', 'CA', 'CH', 'DE', 'GB', 'IE', 'NZ', 'PR', 'US'])
[2025-02-17T22:11:18.962+0000] {sql.py:520} INFO - Rows affected: 1
[2025-02-17T22:11:18.963+0000] {sql.py:511} INFO - Running statement: 
    INSERT INTO audiobooks (id, description, chapter_number, duration_ms, images, release_date, release_date_precision, available_markets)
    VALUES (%s, %s, %s, %s, %s, %s, %s, %s)
    , parameters: ('4zTOq40lKE3rBzwW4YSZij', '', 24, 1677010, '[{"height": 640, "width": 640, "url": "https://i.scdn.co/image/ab676663000022a8706d7d39148810e742cef314"}, {"height": 300, "width": 300, "url": "https://i.scdn.co/image/ab6766630000db5b706d7d39148810e742cef314"}, {"height": 64, "width": 64, "url": "https://i.scdn.co/image/ab6766630000703b706d7d39148810e742cef314"}]', '2007-05-29', 'day', ['AT', 'AU', 'CA', 'CH', 'DE', 'GB', 'IE', 'NZ', 'PR', 'US'])
[2025-02-17T22:11:18.963+0000] {sql.py:520} INFO - Rows affected: 1
[2025-02-17T22:11:18.964+0000] {sql.py:511} INFO - Running statement: 
    INSERT INTO audiobooks (id, description, chapter_number, duration_ms, images, release_date, release_date_precision, available_markets)
    VALUES (%s, %s, %s, %s, %s, %s, %s, %s)
    , parameters: ('08MYfv81KfnankqZqLTb3T', '', 25, 1892154, '[{"height": 640, "width": 640, "url": "https://i.scdn.co/image/ab676663000022a8706d7d39148810e742cef314"}, {"height": 300, "width": 300, "url": "https://i.scdn.co/image/ab6766630000db5b706d7d39148810e742cef314"}, {"height": 64, "width": 64, "url": "https://i.scdn.co/image/ab6766630000703b706d7d39148810e742cef314"}]', '2007-05-29', 'day', ['AT', 'AU', 'CA', 'CH', 'DE', 'GB', 'IE', 'NZ', 'PR', 'US'])
[2025-02-17T22:11:18.965+0000] {sql.py:520} INFO - Rows affected: 1
[2025-02-17T22:11:18.966+0000] {sql.py:511} INFO - Running statement: 
    INSERT INTO audiobooks (id, description, chapter_number, duration_ms, images, release_date, release_date_precision, available_markets)
    VALUES (%s, %s, %s, %s, %s, %s, %s, %s)
    , parameters: ('6NNR9oWRgY9pxEaB37mJ11', '', 26, 1503191, '[{"height": 640, "width": 640, "url": "https://i.scdn.co/image/ab676663000022a8706d7d39148810e742cef314"}, {"height": 300, "width": 300, "url": "https://i.scdn.co/image/ab6766630000db5b706d7d39148810e742cef314"}, {"height": 64, "width": 64, "url": "https://i.scdn.co/image/ab6766630000703b706d7d39148810e742cef314"}]', '2007-05-29', 'day', ['AT', 'AU', 'CA', 'CH', 'DE', 'GB', 'IE', 'NZ', 'PR', 'US'])
[2025-02-17T22:11:18.966+0000] {sql.py:520} INFO - Rows affected: 1
[2025-02-17T22:11:18.968+0000] {sql.py:511} INFO - Running statement: 
    INSERT INTO audiobooks (id, description, chapter_number, duration_ms, images, release_date, release_date_precision, available_markets)
    VALUES (%s, %s, %s, %s, %s, %s, %s, %s)
    , parameters: ('26kNqrRZOpLtYqDkD3zXIG', '', 27, 2232059, '[{"height": 640, "width": 640, "url": "https://i.scdn.co/image/ab676663000022a8706d7d39148810e742cef314"}, {"height": 300, "width": 300, "url": "https://i.scdn.co/image/ab6766630000db5b706d7d39148810e742cef314"}, {"height": 64, "width": 64, "url": "https://i.scdn.co/image/ab6766630000703b706d7d39148810e742cef314"}]', '2007-05-29', 'day', ['AT', 'AU', 'CA', 'CH', 'DE', 'GB', 'IE', 'NZ', 'PR', 'US'])
[2025-02-17T22:11:18.968+0000] {sql.py:520} INFO - Rows affected: 1
[2025-02-17T22:11:18.969+0000] {sql.py:511} INFO - Running statement: 
    INSERT INTO audiobooks (id, description, chapter_number, duration_ms, images, release_date, release_date_precision, available_markets)
    VALUES (%s, %s, %s, %s, %s, %s, %s, %s)
    , parameters: ('5A5TCBfKyALXV9n7gMAlSk', '', 28, 918936, '[{"height": 640, "width": 640, "url": "https://i.scdn.co/image/ab676663000022a8706d7d39148810e742cef314"}, {"height": 300, "width": 300, "url": "https://i.scdn.co/image/ab6766630000db5b706d7d39148810e742cef314"}, {"height": 64, "width": 64, "url": "https://i.scdn.co/image/ab6766630000703b706d7d39148810e742cef314"}]', '2007-05-29', 'day', ['AT', 'AU', 'CA', 'CH', 'DE', 'GB', 'IE', 'NZ', 'PR', 'US'])
[2025-02-17T22:11:18.970+0000] {sql.py:520} INFO - Rows affected: 1
[2025-02-17T22:11:18.971+0000] {sql.py:511} INFO - Running statement: 
    INSERT INTO audiobooks (id, description, chapter_number, duration_ms, images, release_date, release_date_precision, available_markets)
    VALUES (%s, %s, %s, %s, %s, %s, %s, %s)
    , parameters: ('7CAUsYnK6WH25ECbB2RoIk', '', 29, 1460899, '[{"height": 640, "width": 640, "url": "https://i.scdn.co/image/ab676663000022a8706d7d39148810e742cef314"}, {"height": 300, "width": 300, "url": "https://i.scdn.co/image/ab6766630000db5b706d7d39148810e742cef314"}, {"height": 64, "width": 64, "url": "https://i.scdn.co/image/ab6766630000703b706d7d39148810e742cef314"}]', '2007-05-29', 'day', ['AT', 'AU', 'CA', 'CH', 'DE', 'GB', 'IE', 'NZ', 'PR', 'US'])
[2025-02-17T22:11:18.971+0000] {sql.py:520} INFO - Rows affected: 1
[2025-02-17T22:11:18.972+0000] {sql.py:511} INFO - Running statement: 
    INSERT INTO audiobooks (id, description, chapter_number, duration_ms, images, release_date, release_date_precision, available_markets)
    VALUES (%s, %s, %s, %s, %s, %s, %s, %s)
    , parameters: ('1k93wGYEEjYYVcAGLy0K7I', '', 30, 1212918, '[{"height": 640, "width": 640, "url": "https://i.scdn.co/image/ab676663000022a8706d7d39148810e742cef314"}, {"height": 300, "width": 300, "url": "https://i.scdn.co/image/ab6766630000db5b706d7d39148810e742cef314"}, {"height": 64, "width": 64, "url": "https://i.scdn.co/image/ab6766630000703b706d7d39148810e742cef314"}]', '2007-05-29', 'day', ['AT', 'AU', 'CA', 'CH', 'DE', 'GB', 'IE', 'NZ', 'PR', 'US'])
[2025-02-17T22:11:18.973+0000] {sql.py:520} INFO - Rows affected: 1
[2025-02-17T22:11:18.974+0000] {sql.py:511} INFO - Running statement: 
    INSERT INTO audiobooks (id, description, chapter_number, duration_ms, images, release_date, release_date_precision, available_markets)
    VALUES (%s, %s, %s, %s, %s, %s, %s, %s)
    , parameters: ('7M885ouJ7cr0frNA5Pb0Y3', '', 31, 1736438, '[{"height": 640, "width": 640, "url": "https://i.scdn.co/image/ab676663000022a8706d7d39148810e742cef314"}, {"height": 300, "width": 300, "url": "https://i.scdn.co/image/ab6766630000db5b706d7d39148810e742cef314"}, {"height": 64, "width": 64, "url": "https://i.scdn.co/image/ab6766630000703b706d7d39148810e742cef314"}]', '2007-05-29', 'day', ['AT', 'AU', 'CA', 'CH', 'DE', 'GB', 'IE', 'NZ', 'PR', 'US'])
[2025-02-17T22:11:18.974+0000] {sql.py:520} INFO - Rows affected: 1
[2025-02-17T22:11:18.975+0000] {sql.py:511} INFO - Running statement: 
    INSERT INTO audiobooks (id, description, chapter_number, duration_ms, images, release_date, release_date_precision, available_markets)
    VALUES (%s, %s, %s, %s, %s, %s, %s, %s)
    , parameters: ('01bThkNFrxa8IHkLjMrUkW', '', 32, 1343165, '[{"height": 640, "width": 640, "url": "https://i.scdn.co/image/ab676663000022a8706d7d39148810e742cef314"}, {"height": 300, "width": 300, "url": "https://i.scdn.co/image/ab6766630000db5b706d7d39148810e742cef314"}, {"height": 64, "width": 64, "url": "https://i.scdn.co/image/ab6766630000703b706d7d39148810e742cef314"}]', '2007-05-29', 'day', ['AT', 'AU', 'CA', 'CH', 'DE', 'GB', 'IE', 'NZ', 'PR', 'US'])
[2025-02-17T22:11:18.976+0000] {sql.py:520} INFO - Rows affected: 1
[2025-02-17T22:11:18.977+0000] {sql.py:511} INFO - Running statement: 
    INSERT INTO audiobooks (id, description, chapter_number, duration_ms, images, release_date, release_date_precision, available_markets)
    VALUES (%s, %s, %s, %s, %s, %s, %s, %s)
    , parameters: ('3xZAVq4uRNe8UQLaL18dmB', '', 33, 2047426, '[{"height": 640, "width": 640, "url": "https://i.scdn.co/image/ab676663000022a8706d7d39148810e742cef314"}, {"height": 300, "width": 300, "url": "https://i.scdn.co/image/ab6766630000db5b706d7d39148810e742cef314"}, {"height": 64, "width": 64, "url": "https://i.scdn.co/image/ab6766630000703b706d7d39148810e742cef314"}]', '2007-05-29', 'day', ['AT', 'AU', 'CA', 'CH', 'DE', 'GB', 'IE', 'NZ', 'PR', 'US'])
[2025-02-17T22:11:18.977+0000] {sql.py:520} INFO - Rows affected: 1
[2025-02-17T22:11:18.978+0000] {sql.py:511} INFO - Running statement: 
    INSERT INTO audiobooks (id, description, chapter_number, duration_ms, images, release_date, release_date_precision, available_markets)
    VALUES (%s, %s, %s, %s, %s, %s, %s, %s)
    , parameters: ('402Y8O19dElX8xuAY5VnJZ', '', 34, 1986273, '[{"height": 640, "width": 640, "url": "https://i.scdn.co/image/ab676663000022a8706d7d39148810e742cef314"}, {"height": 300, "width": 300, "url": "https://i.scdn.co/image/ab6766630000db5b706d7d39148810e742cef314"}, {"height": 64, "width": 64, "url": "https://i.scdn.co/image/ab6766630000703b706d7d39148810e742cef314"}]', '2007-05-29', 'day', ['AT', 'AU', 'CA', 'CH', 'DE', 'GB', 'IE', 'NZ', 'PR', 'US'])
[2025-02-17T22:11:18.979+0000] {sql.py:520} INFO - Rows affected: 1
[2025-02-17T22:11:18.980+0000] {sql.py:511} INFO - Running statement: 
    INSERT INTO audiobooks (id, description, chapter_number, duration_ms, images, release_date, release_date_precision, available_markets)
    VALUES (%s, %s, %s, %s, %s, %s, %s, %s)
    , parameters: ('5zFiYihxmwnkQxeXl3Z3Vf', '', 35, 2839119, '[{"height": 640, "width": 640, "url": "https://i.scdn.co/image/ab676663000022a8706d7d39148810e742cef314"}, {"height": 300, "width": 300, "url": "https://i.scdn.co/image/ab6766630000db5b706d7d39148810e742cef314"}, {"height": 64, "width": 64, "url": "https://i.scdn.co/image/ab6766630000703b706d7d39148810e742cef314"}]', '2007-05-29', 'day', ['AT', 'AU', 'CA', 'CH', 'DE', 'GB', 'IE', 'NZ', 'PR', 'US'])
[2025-02-17T22:11:18.980+0000] {sql.py:520} INFO - Rows affected: 1
[2025-02-17T22:11:18.981+0000] {sql.py:511} INFO - Running statement: 
    INSERT INTO audiobooks (id, description, chapter_number, duration_ms, images, release_date, release_date_precision, available_markets)
    VALUES (%s, %s, %s, %s, %s, %s, %s, %s)
    , parameters: ('13r6Hp8WFXyzWHMn6huHpx', '', 36, 1397264, '[{"height": 640, "width": 640, "url": "https://i.scdn.co/image/ab676663000022a8706d7d39148810e742cef314"}, {"height": 300, "width": 300, "url": "https://i.scdn.co/image/ab6766630000db5b706d7d39148810e742cef314"}, {"height": 64, "width": 64, "url": "https://i.scdn.co/image/ab6766630000703b706d7d39148810e742cef314"}]', '2007-05-29', 'day', ['AT', 'AU', 'CA', 'CH', 'DE', 'GB', 'IE', 'NZ', 'PR', 'US'])
[2025-02-17T22:11:18.982+0000] {sql.py:520} INFO - Rows affected: 1
[2025-02-17T22:11:18.983+0000] {sql.py:511} INFO - Running statement: 
    INSERT INTO audiobooks (id, description, chapter_number, duration_ms, images, release_date, release_date_precision, available_markets)
    VALUES (%s, %s, %s, %s, %s, %s, %s, %s)
    , parameters: ('6qtqoAXjtnh2PLQ5t8KFFo', '', 37, 2321163, '[{"height": 640, "width": 640, "url": "https://i.scdn.co/image/ab676663000022a8706d7d39148810e742cef314"}, {"height": 300, "width": 300, "url": "https://i.scdn.co/image/ab6766630000db5b706d7d39148810e742cef314"}, {"height": 64, "width": 64, "url": "https://i.scdn.co/image/ab6766630000703b706d7d39148810e742cef314"}]', '2007-05-29', 'day', ['AT', 'AU', 'CA', 'CH', 'DE', 'GB', 'IE', 'NZ', 'PR', 'US'])
[2025-02-17T22:11:18.983+0000] {sql.py:520} INFO - Rows affected: 1
[2025-02-17T22:11:18.984+0000] {sql.py:511} INFO - Running statement: 
    INSERT INTO audiobooks (id, description, chapter_number, duration_ms, images, release_date, release_date_precision, available_markets)
    VALUES (%s, %s, %s, %s, %s, %s, %s, %s)
    , parameters: ('6aIH2AMngxR4j9Z8meDwQW', '', 38, 1232510, '[{"height": 640, "width": 640, "url": "https://i.scdn.co/image/ab676663000022a8706d7d39148810e742cef314"}, {"height": 300, "width": 300, "url": "https://i.scdn.co/image/ab6766630000db5b706d7d39148810e742cef314"}, {"height": 64, "width": 64, "url": "https://i.scdn.co/image/ab6766630000703b706d7d39148810e742cef314"}]', '2007-05-29', 'day', ['AT', 'AU', 'CA', 'CH', 'DE', 'GB', 'IE', 'NZ', 'PR', 'US'])
[2025-02-17T22:11:18.985+0000] {sql.py:520} INFO - Rows affected: 1
[2025-02-17T22:11:18.986+0000] {sql.py:511} INFO - Running statement: 
    INSERT INTO audiobooks (id, description, chapter_number, duration_ms, images, release_date, release_date_precision, available_markets)
    VALUES (%s, %s, %s, %s, %s, %s, %s, %s)
    , parameters: ('6ILiWXyPyQzRqI2HGWNZbY', '', 39, 1055112, '[{"height": 640, "width": 640, "url": "https://i.scdn.co/image/ab676663000022a8706d7d39148810e742cef314"}, {"height": 300, "width": 300, "url": "https://i.scdn.co/image/ab6766630000db5b706d7d39148810e742cef314"}, {"height": 64, "width": 64, "url": "https://i.scdn.co/image/ab6766630000703b706d7d39148810e742cef314"}]', '2007-05-29', 'day', ['AT', 'AU', 'CA', 'CH', 'DE', 'GB', 'IE', 'NZ', 'PR', 'US'])
[2025-02-17T22:11:18.986+0000] {sql.py:520} INFO - Rows affected: 1
[2025-02-17T22:11:18.987+0000] {sql.py:511} INFO - Running statement: 
    INSERT INTO audiobooks (id, description, chapter_number, duration_ms, images, release_date, release_date_precision, available_markets)
    VALUES (%s, %s, %s, %s, %s, %s, %s, %s)
    , parameters: ('19oUIVtDPSHDzC7OELsw6a', '', 40, 1898789, '[{"height": 640, "width": 640, "url": "https://i.scdn.co/image/ab676663000022a8706d7d39148810e742cef314"}, {"height": 300, "width": 300, "url": "https://i.scdn.co/image/ab6766630000db5b706d7d39148810e742cef314"}, {"height": 64, "width": 64, "url": "https://i.scdn.co/image/ab6766630000703b706d7d39148810e742cef314"}]', '2007-05-29', 'day', ['AT', 'AU', 'CA', 'CH', 'DE', 'GB', 'IE', 'NZ', 'PR', 'US'])
[2025-02-17T22:11:18.988+0000] {sql.py:520} INFO - Rows affected: 1
[2025-02-17T22:11:18.989+0000] {sql.py:511} INFO - Running statement: 
    INSERT INTO audiobooks (id, description, chapter_number, duration_ms, images, release_date, release_date_precision, available_markets)
    VALUES (%s, %s, %s, %s, %s, %s, %s, %s)
    , parameters: ('3UPOWZj22wwik20wzxfz3M', '', 41, 1531690, '[{"height": 640, "width": 640, "url": "https://i.scdn.co/image/ab676663000022a8706d7d39148810e742cef314"}, {"height": 300, "width": 300, "url": "https://i.scdn.co/image/ab6766630000db5b706d7d39148810e742cef314"}, {"height": 64, "width": 64, "url": "https://i.scdn.co/image/ab6766630000703b706d7d39148810e742cef314"}]', '2007-05-29', 'day', ['AT', 'AU', 'CA', 'CH', 'DE', 'GB', 'IE', 'NZ', 'PR', 'US'])
[2025-02-17T22:11:18.989+0000] {sql.py:520} INFO - Rows affected: 1
[2025-02-17T22:11:18.990+0000] {sql.py:511} INFO - Running statement: 
    INSERT INTO audiobooks (id, description, chapter_number, duration_ms, images, release_date, release_date_precision, available_markets)
    VALUES (%s, %s, %s, %s, %s, %s, %s, %s)
    , parameters: ('00PlgkfJtH1D2p5kKcsqRm', '', 42, 1074600, '[{"height": 640, "width": 640, "url": "https://i.scdn.co/image/ab676663000022a8706d7d39148810e742cef314"}, {"height": 300, "width": 300, "url": "https://i.scdn.co/image/ab6766630000db5b706d7d39148810e742cef314"}, {"height": 64, "width": 64, "url": "https://i.scdn.co/image/ab6766630000703b706d7d39148810e742cef314"}]', '2007-05-29', 'day', ['AT', 'AU', 'CA', 'CH', 'DE', 'GB', 'IE', 'NZ', 'PR', 'US'])
[2025-02-17T22:11:18.991+0000] {sql.py:520} INFO - Rows affected: 1
[2025-02-17T22:11:18.992+0000] {sql.py:511} INFO - Running statement: 
    INSERT INTO audiobooks (id, description, chapter_number, duration_ms, images, release_date, release_date_precision, available_markets)
    VALUES (%s, %s, %s, %s, %s, %s, %s, %s)
    , parameters: ('7JM6CGIDx4huFNhWG91TtH', '', 43, 2439759, '[{"height": 640, "width": 640, "url": "https://i.scdn.co/image/ab676663000022a8706d7d39148810e742cef314"}, {"height": 300, "width": 300, "url": "https://i.scdn.co/image/ab6766630000db5b706d7d39148810e742cef314"}, {"height": 64, "width": 64, "url": "https://i.scdn.co/image/ab6766630000703b706d7d39148810e742cef314"}]', '2007-05-29', 'day', ['AT', 'AU', 'CA', 'CH', 'DE', 'GB', 'IE', 'NZ', 'PR', 'US'])
[2025-02-17T22:11:18.992+0000] {sql.py:520} INFO - Rows affected: 1
[2025-02-17T22:11:18.993+0000] {sql.py:511} INFO - Running statement: 
    INSERT INTO audiobooks (id, description, chapter_number, duration_ms, images, release_date, release_date_precision, available_markets)
    VALUES (%s, %s, %s, %s, %s, %s, %s, %s)
    , parameters: ('66zZV7mG5q1sJkaJY75Xwk', '', 44, 2018926, '[{"height": 640, "width": 640, "url": "https://i.scdn.co/image/ab676663000022a8706d7d39148810e742cef314"}, {"height": 300, "width": 300, "url": "https://i.scdn.co/image/ab6766630000db5b706d7d39148810e742cef314"}, {"height": 64, "width": 64, "url": "https://i.scdn.co/image/ab6766630000703b706d7d39148810e742cef314"}]', '2007-05-29', 'day', ['AT', 'AU', 'CA', 'CH', 'DE', 'GB', 'IE', 'NZ', 'PR', 'US'])
[2025-02-17T22:11:18.994+0000] {sql.py:520} INFO - Rows affected: 1
[2025-02-17T22:11:18.995+0000] {sql.py:511} INFO - Running statement: 
    INSERT INTO audiobooks (id, description, chapter_number, duration_ms, images, release_date, release_date_precision, available_markets)
    VALUES (%s, %s, %s, %s, %s, %s, %s, %s)
    , parameters: ('6KhPKC5MHl88WNm6ZkntUi', '', 45, 1608882, '[{"height": 640, "width": 640, "url": "https://i.scdn.co/image/ab676663000022a8706d7d39148810e742cef314"}, {"height": 300, "width": 300, "url": "https://i.scdn.co/image/ab6766630000db5b706d7d39148810e742cef314"}, {"height": 64, "width": 64, "url": "https://i.scdn.co/image/ab6766630000703b706d7d39148810e742cef314"}]', '2007-05-29', 'day', ['AT', 'AU', 'CA', 'CH', 'DE', 'GB', 'IE', 'NZ', 'PR', 'US'])
[2025-02-17T22:11:18.995+0000] {sql.py:520} INFO - Rows affected: 1
[2025-02-17T22:11:18.996+0000] {sql.py:511} INFO - Running statement: 
    INSERT INTO audiobooks (id, description, chapter_number, duration_ms, images, release_date, release_date_precision, available_markets)
    VALUES (%s, %s, %s, %s, %s, %s, %s, %s)
    , parameters: ('2nKo6lLWxinuQFUQ9cyqzv', '', 46, 1282587, '[{"height": 640, "width": 640, "url": "https://i.scdn.co/image/ab676663000022a8706d7d39148810e742cef314"}, {"height": 300, "width": 300, "url": "https://i.scdn.co/image/ab6766630000db5b706d7d39148810e742cef314"}, {"height": 64, "width": 64, "url": "https://i.scdn.co/image/ab6766630000703b706d7d39148810e742cef314"}]', '2007-05-29', 'day', ['AT', 'AU', 'CA', 'CH', 'DE', 'GB', 'IE', 'NZ', 'PR', 'US'])
[2025-02-17T22:11:18.997+0000] {sql.py:520} INFO - Rows affected: 1
[2025-02-17T22:11:18.998+0000] {sql.py:511} INFO - Running statement: 
    INSERT INTO audiobooks (id, description, chapter_number, duration_ms, images, release_date, release_date_precision, available_markets)
    VALUES (%s, %s, %s, %s, %s, %s, %s, %s)
    , parameters: ('1NveSJGfS8ncJnsDYxHPDS', '', 47, 1581297, '[{"height": 640, "width": 640, "url": "https://i.scdn.co/image/ab676663000022a8706d7d39148810e742cef314"}, {"height": 300, "width": 300, "url": "https://i.scdn.co/image/ab6766630000db5b706d7d39148810e742cef314"}, {"height": 64, "width": 64, "url": "https://i.scdn.co/image/ab6766630000703b706d7d39148810e742cef314"}]', '2007-05-29', 'day', ['AT', 'AU', 'CA', 'CH', 'DE', 'GB', 'IE', 'NZ', 'PR', 'US'])
[2025-02-17T22:11:18.998+0000] {sql.py:520} INFO - Rows affected: 1
[2025-02-17T22:11:18.999+0000] {sql.py:511} INFO - Running statement: 
    INSERT INTO audiobooks (id, description, chapter_number, duration_ms, images, release_date, release_date_precision, available_markets)
    VALUES (%s, %s, %s, %s, %s, %s, %s, %s)
    , parameters: ('6bmPSreTIOCbWhsRVdD8Gz', '', 48, 3556572, '[{"height": 640, "width": 640, "url": "https://i.scdn.co/image/ab676663000022a8706d7d39148810e742cef314"}, {"height": 300, "width": 300, "url": "https://i.scdn.co/image/ab6766630000db5b706d7d39148810e742cef314"}, {"height": 64, "width": 64, "url": "https://i.scdn.co/image/ab6766630000703b706d7d39148810e742cef314"}]', '2007-05-29', 'day', ['AT', 'AU', 'CA', 'CH', 'DE', 'GB', 'IE', 'NZ', 'PR', 'US'])
[2025-02-17T22:11:19.000+0000] {sql.py:520} INFO - Rows affected: 1
[2025-02-17T22:11:19.001+0000] {sql.py:511} INFO - Running statement: 
    INSERT INTO audiobooks (id, description, chapter_number, duration_ms, images, release_date, release_date_precision, available_markets)
    VALUES (%s, %s, %s, %s, %s, %s, %s, %s)
    , parameters: ('0PMQAsGZ8f9tSTd9moghJs', '', 49, 53473, '[{"height": 640, "width": 640, "url": "https://i.scdn.co/image/ab676663000022a8706d7d39148810e742cef314"}, {"height": 300, "width": 300, "url": "https://i.scdn.co/image/ab6766630000db5b706d7d39148810e742cef314"}, {"height": 64, "width": 64, "url": "https://i.scdn.co/image/ab6766630000703b706d7d39148810e742cef314"}]', '2007-05-29', 'day', ['AT', 'AU', 'CA', 'CH', 'DE', 'GB', 'IE', 'NZ', 'PR', 'US'])
[2025-02-17T22:11:19.001+0000] {sql.py:520} INFO - Rows affected: 1
[2025-02-17T22:11:19.002+0000] {python.py:240} INFO - Done. Returned value was: None
[2025-02-17T22:11:19.005+0000] {taskinstance.py:341} INFO - ::group::Post task execution logs
[2025-02-17T22:11:19.006+0000] {taskinstance.py:353} INFO - Marking task as SUCCESS. dag_id=fetch_and_store_spotify_audiobooks, task_id=insert_book_data, run_id=manual__2025-02-17T22:11:14.855749+00:00, execution_date=20250217T221114, start_date=20250217T221118, end_date=20250217T221119
[2025-02-17T22:11:19.013+0000] {logging_mixin.py:190} INFO - Task instance in success state
[2025-02-17T22:11:19.013+0000] {logging_mixin.py:190} INFO -  Previous state of the Task instance: running
[2025-02-17T22:11:19.013+0000] {logging_mixin.py:190} INFO - Dag name:fetch_and_store_spotify_audiobooks queued_at:2025-02-17 22:11:14.872194+00:00
[2025-02-17T22:11:19.013+0000] {logging_mixin.py:190} INFO - Task hostname:1d25279fc7fb operator:PythonOperator
[2025-02-17T22:11:19.055+0000] {local_task_job_runner.py:266} INFO - Task exited with return code 0
[2025-02-17T22:11:19.062+0000] {taskinstance.py:3901} INFO - 0 downstream tasks scheduled from follow-on schedule check
[2025-02-17T22:11:19.063+0000] {local_task_job_runner.py:245} INFO - ::endgroup::
