[2025-02-17T21:06:43.740+0000] {local_task_job_runner.py:123} INFO - ::group::Pre task execution logs
[2025-02-17T21:06:43.747+0000] {taskinstance.py:2614} INFO - Dependencies all met for dep_context=non-requeueable deps ti=<TaskInstance: fetch_and_store_spotify_audiobooks.fetch_audiobook_data scheduled__2025-02-15T00:00:00+00:00 [queued]>
[2025-02-17T21:06:43.751+0000] {taskinstance.py:2614} INFO - Dependencies all met for dep_context=requeueable deps ti=<TaskInstance: fetch_and_store_spotify_audiobooks.fetch_audiobook_data scheduled__2025-02-15T00:00:00+00:00 [queued]>
[2025-02-17T21:06:43.751+0000] {taskinstance.py:2867} INFO - Starting attempt 1 of 2
[2025-02-17T21:06:43.756+0000] {taskinstance.py:2890} INFO - Executing <Task(PythonOperator): fetch_audiobook_data> on 2025-02-15 00:00:00+00:00
[2025-02-17T21:06:43.761+0000] {warnings.py:112} WARNING - /home/***/.local/lib/python3.12/site-packages/***/task/task_runner/standard_task_runner.py:70: DeprecationWarning: This process (pid=80) is multi-threaded, use of fork() may lead to deadlocks in the child.
  pid = os.fork()

[2025-02-17T21:06:43.762+0000] {standard_task_runner.py:72} INFO - Started process 84 to run task
[2025-02-17T21:06:43.766+0000] {standard_task_runner.py:104} INFO - Running: ['***', 'tasks', 'run', 'fetch_and_store_spotify_audiobooks', 'fetch_audiobook_data', 'scheduled__2025-02-15T00:00:00+00:00', '--job-id', '148', '--raw', '--subdir', 'DAGS_FOLDER/ExtractFromApi.py', '--cfg-path', '/tmp/tmpn0i36g6e']
[2025-02-17T21:06:43.767+0000] {standard_task_runner.py:105} INFO - Job 148: Subtask fetch_audiobook_data
[2025-02-17T21:06:43.795+0000] {task_command.py:467} INFO - Running <TaskInstance: fetch_and_store_spotify_audiobooks.fetch_audiobook_data scheduled__2025-02-15T00:00:00+00:00 [running]> on host 766223a5b2af
[2025-02-17T21:06:44.068+0000] {taskinstance.py:3134} INFO - Exporting env vars: AIRFLOW_CTX_DAG_OWNER='***' AIRFLOW_CTX_DAG_ID='fetch_and_store_spotify_audiobooks' AIRFLOW_CTX_TASK_ID='fetch_audiobook_data' AIRFLOW_CTX_EXECUTION_DATE='2025-02-15T00:00:00+00:00' AIRFLOW_CTX_TRY_NUMBER='1' AIRFLOW_CTX_DAG_RUN_ID='scheduled__2025-02-15T00:00:00+00:00'
[2025-02-17T21:06:44.069+0000] {logging_mixin.py:190} INFO - Task instance is in running state
[2025-02-17T21:06:44.069+0000] {logging_mixin.py:190} INFO -  Previous state of the Task instance: queued
[2025-02-17T21:06:44.069+0000] {logging_mixin.py:190} INFO - Current task name:fetch_audiobook_data state:running start_date:2025-02-17 21:06:43.748187+00:00
[2025-02-17T21:06:44.069+0000] {logging_mixin.py:190} INFO - Dag name:fetch_and_store_spotify_audiobooks and current dag run status:running
[2025-02-17T21:06:44.070+0000] {taskinstance.py:732} INFO - ::endgroup::
[2025-02-17T21:06:44.070+0000] {logging_mixin.py:190} INFO - https://api.spotify.com/v1/audiobooks/7iHfbu1YPACw6oZPAFJtqe
[2025-02-17T21:06:44.398+0000] {logging_mixin.py:190} INFO - Audiobook data saved as audiobook_data.json
[2025-02-17T21:06:44.413+0000] {logging_mixin.py:190} INFO -                        id  ...                         available_markets
0  73ThiUvDp7VbVX6tWTNjE4  ...  [AT, AU, CA, CH, DE, GB, IE, NZ, PR, US]
1  7zdR7zJCuEzLEJkSWYlEWj  ...  [AT, AU, CA, CH, DE, GB, IE, NZ, PR, US]
2  6wbkoWAKtlVHC0pk46ORyd  ...  [AT, AU, CA, CH, DE, GB, IE, NZ, PR, US]
3  6JVmsEPc2uOX551TCWVHUQ  ...  [AT, AU, CA, CH, DE, GB, IE, NZ, PR, US]
4  3Tfs2OyT4dBurDFBmxpA3Z  ...  [AT, AU, CA, CH, DE, GB, IE, NZ, PR, US]

[5 rows x 9 columns]
[2025-02-17T21:06:44.431+0000] {logging_mixin.py:190} INFO -                         id  ...                         available_markets
0   73ThiUvDp7VbVX6tWTNjE4  ...  [AT, AU, CA, CH, DE, GB, IE, NZ, PR, US]
1   7zdR7zJCuEzLEJkSWYlEWj  ...  [AT, AU, CA, CH, DE, GB, IE, NZ, PR, US]
2   6wbkoWAKtlVHC0pk46ORyd  ...  [AT, AU, CA, CH, DE, GB, IE, NZ, PR, US]
3   6JVmsEPc2uOX551TCWVHUQ  ...  [AT, AU, CA, CH, DE, GB, IE, NZ, PR, US]
4   3Tfs2OyT4dBurDFBmxpA3Z  ...  [AT, AU, CA, CH, DE, GB, IE, NZ, PR, US]
5   0oduVqcMbgrXrhlhmtRaUl  ...  [AT, AU, CA, CH, DE, GB, IE, NZ, PR, US]
6   2SUk86PXGjOptTcmuwQuzA  ...  [AT, AU, CA, CH, DE, GB, IE, NZ, PR, US]
7   0aV28m0uV3KTKxxjtbfics  ...  [AT, AU, CA, CH, DE, GB, IE, NZ, PR, US]
8   32ajSFsIg0j1x7nfcIbORW  ...  [AT, AU, CA, CH, DE, GB, IE, NZ, PR, US]
9   5rfIxa6UYIkSFlP2mL2ovu  ...  [AT, AU, CA, CH, DE, GB, IE, NZ, PR, US]
10  477FnG3smKF8cZTn4T3rnN  ...  [AT, AU, CA, CH, DE, GB, IE, NZ, PR, US]
11  5TRMZm6VkIiXR384u5ZQr3  ...  [AT, AU, CA, CH, DE, GB, IE, NZ, PR, US]
12  1F1x57cJyvLxnbzGOqdeur  ...  [AT, AU, CA, CH, DE, GB, IE, NZ, PR, US]
13  4ETF6jtwY0Xpf8JilpLsRa  ...  [AT, AU, CA, CH, DE, GB, IE, NZ, PR, US]
14  3Dfui4lmf6bi6YAen3EABM  ...  [AT, AU, CA, CH, DE, GB, IE, NZ, PR, US]
15  6IPghpa2z4FeNwcVlqbcWC  ...  [AT, AU, CA, CH, DE, GB, IE, NZ, PR, US]
16  33fos0bqN1TLYreVtVd32r  ...  [AT, AU, CA, CH, DE, GB, IE, NZ, PR, US]
17  29fjoyMwqwmKJtc6yNZuEJ  ...  [AT, AU, CA, CH, DE, GB, IE, NZ, PR, US]
18  4Mj1tl85Ue9MK0pgfgHarR  ...  [AT, AU, CA, CH, DE, GB, IE, NZ, PR, US]
19  3yADXAbeustrCocpeHxUCp  ...  [AT, AU, CA, CH, DE, GB, IE, NZ, PR, US]
20  2DngPhNwMz9LejeFNFk571  ...  [AT, AU, CA, CH, DE, GB, IE, NZ, PR, US]
21  24sEDN4P9plH5XC0cGhu3z  ...  [AT, AU, CA, CH, DE, GB, IE, NZ, PR, US]
22  2lctt39yGO8PVWOlm6MJZN  ...  [AT, AU, CA, CH, DE, GB, IE, NZ, PR, US]
23  7MKcghyeGn4ZdvopzubNN3  ...  [AT, AU, CA, CH, DE, GB, IE, NZ, PR, US]
24  4zTOq40lKE3rBzwW4YSZij  ...  [AT, AU, CA, CH, DE, GB, IE, NZ, PR, US]
25  08MYfv81KfnankqZqLTb3T  ...  [AT, AU, CA, CH, DE, GB, IE, NZ, PR, US]
26  6NNR9oWRgY9pxEaB37mJ11  ...  [AT, AU, CA, CH, DE, GB, IE, NZ, PR, US]
27  26kNqrRZOpLtYqDkD3zXIG  ...  [AT, AU, CA, CH, DE, GB, IE, NZ, PR, US]
28  5A5TCBfKyALXV9n7gMAlSk  ...  [AT, AU, CA, CH, DE, GB, IE, NZ, PR, US]
29  7CAUsYnK6WH25ECbB2RoIk  ...  [AT, AU, CA, CH, DE, GB, IE, NZ, PR, US]
30  1k93wGYEEjYYVcAGLy0K7I  ...  [AT, AU, CA, CH, DE, GB, IE, NZ, PR, US]
31  7M885ouJ7cr0frNA5Pb0Y3  ...  [AT, AU, CA, CH, DE, GB, IE, NZ, PR, US]
32  01bThkNFrxa8IHkLjMrUkW  ...  [AT, AU, CA, CH, DE, GB, IE, NZ, PR, US]
33  3xZAVq4uRNe8UQLaL18dmB  ...  [AT, AU, CA, CH, DE, GB, IE, NZ, PR, US]
34  402Y8O19dElX8xuAY5VnJZ  ...  [AT, AU, CA, CH, DE, GB, IE, NZ, PR, US]
35  5zFiYihxmwnkQxeXl3Z3Vf  ...  [AT, AU, CA, CH, DE, GB, IE, NZ, PR, US]
36  13r6Hp8WFXyzWHMn6huHpx  ...  [AT, AU, CA, CH, DE, GB, IE, NZ, PR, US]
37  6qtqoAXjtnh2PLQ5t8KFFo  ...  [AT, AU, CA, CH, DE, GB, IE, NZ, PR, US]
38  6aIH2AMngxR4j9Z8meDwQW  ...  [AT, AU, CA, CH, DE, GB, IE, NZ, PR, US]
39  6ILiWXyPyQzRqI2HGWNZbY  ...  [AT, AU, CA, CH, DE, GB, IE, NZ, PR, US]
40  19oUIVtDPSHDzC7OELsw6a  ...  [AT, AU, CA, CH, DE, GB, IE, NZ, PR, US]
41  3UPOWZj22wwik20wzxfz3M  ...  [AT, AU, CA, CH, DE, GB, IE, NZ, PR, US]
42  00PlgkfJtH1D2p5kKcsqRm  ...  [AT, AU, CA, CH, DE, GB, IE, NZ, PR, US]
43  7JM6CGIDx4huFNhWG91TtH  ...  [AT, AU, CA, CH, DE, GB, IE, NZ, PR, US]
44  66zZV7mG5q1sJkaJY75Xwk  ...  [AT, AU, CA, CH, DE, GB, IE, NZ, PR, US]
45  6KhPKC5MHl88WNm6ZkntUi  ...  [AT, AU, CA, CH, DE, GB, IE, NZ, PR, US]
46  2nKo6lLWxinuQFUQ9cyqzv  ...  [AT, AU, CA, CH, DE, GB, IE, NZ, PR, US]
47  1NveSJGfS8ncJnsDYxHPDS  ...  [AT, AU, CA, CH, DE, GB, IE, NZ, PR, US]
48  6bmPSreTIOCbWhsRVdD8Gz  ...  [AT, AU, CA, CH, DE, GB, IE, NZ, PR, US]
49  0PMQAsGZ8f9tSTd9moghJs  ...  [AT, AU, CA, CH, DE, GB, IE, NZ, PR, US]

[50 rows x 9 columns]
[2025-02-17T21:06:44.445+0000] {python.py:240} INFO - Done. Returned value was: None
[2025-02-17T21:06:44.452+0000] {taskinstance.py:341} INFO - ::group::Post task execution logs
[2025-02-17T21:06:44.453+0000] {taskinstance.py:353} INFO - Marking task as SUCCESS. dag_id=fetch_and_store_spotify_audiobooks, task_id=fetch_audiobook_data, run_id=scheduled__2025-02-15T00:00:00+00:00, execution_date=20250215T000000, start_date=20250217T210643, end_date=20250217T210644
[2025-02-17T21:06:44.469+0000] {logging_mixin.py:190} INFO - Task instance in success state
[2025-02-17T21:06:44.470+0000] {logging_mixin.py:190} INFO -  Previous state of the Task instance: running
[2025-02-17T21:06:44.472+0000] {logging_mixin.py:190} INFO - Dag name:fetch_and_store_spotify_audiobooks queued_at:2025-02-17 21:06:41.885737+00:00
[2025-02-17T21:06:44.472+0000] {logging_mixin.py:190} INFO - Task hostname:766223a5b2af operator:PythonOperator
[2025-02-17T21:06:44.488+0000] {local_task_job_runner.py:266} INFO - Task exited with return code 0
[2025-02-17T21:06:44.503+0000] {taskinstance.py:3901} INFO - 1 downstream tasks scheduled from follow-on schedule check
[2025-02-17T21:06:44.503+0000] {local_task_job_runner.py:245} INFO - ::endgroup::
